base-adapter/Resholder3.0/build/intermediates/manifest_merge_blame_file/debug/manifest-merger-blame-debug-report.txt
1<?xml version="1.0" encoding="utf-8"?>
2<manifest xmlns:android="http://schemas.android.com/apk/res/android"
3    package="com.txznet.resholder"
4    android:versionCode="1"
5    android:versionName="1.0" >
6
7    <uses-sdk
7-->base-adapter\Resholder3.0\AndroidManifest.xml:7:5-9:41
8        android:minSdkVersion="16"
8-->base-adapter\Resholder3.0\AndroidManifest.xml:8:9-35
9        android:targetSdkVersion="28" />
9-->base-adapter\Resholder3.0\AndroidManifest.xml:9:9-38
10
11    <uses-permission android:name="android.permission.WRITE_EXTERNAL_STORAGE" />
11-->base-adapter\Resholder3.0\AndroidManifest.xml:11:5-81
11-->base-adapter\Resholder3.0\AndroidManifest.xml:11:22-78
12    <uses-permission android:name="android.permission.READ_PHONE_STATE" />
12-->base-adapter\Resholder3.0\AndroidManifest.xml:12:5-75
12-->base-adapter\Resholder3.0\AndroidManifest.xml:12:22-72
13    <uses-permission android:name="android.permission.READ_EXTERNAL_STORAGE" />
13-->base-adapter\Resholder3.0\AndroidManifest.xml:13:5-80
13-->base-adapter\Resholder3.0\AndroidManifest.xml:13:22-77
14
15    <application
15-->base-adapter\Resholder3.0\AndroidManifest.xml:15:5-32:19
16        android:allowBackup="true"
16-->base-adapter\Resholder3.0\AndroidManifest.xml:16:9-35
17        android:debuggable="true"
18        android:icon="@drawable/ic_launcher"
18-->base-adapter\Resholder3.0\AndroidManifest.xml:17:9-45
19        android:label="@string/app_name"
19-->base-adapter\Resholder3.0\AndroidManifest.xml:18:9-41
20        android:theme="@style/AppTheme" >
20-->base-adapter\Resholder3.0\AndroidManifest.xml:19:9-40
21
22        <!--
23             <activity
24            android:name="com.example.resholder.MainActivity"
25            android:label="@string/app_name" >
26            <intent-filter>
27                <action android:name="android.intent.action.MAIN" />
28
29                <category android:name="android.intent.category.LAUNCHER" />
30            </intent-filter>
31        </activity>
32        -->
33    </application>
34
35</manifest>